<?xml version="1.0" encoding="UTF-8"?>
<!-- Generated by org.testng.reporters.JUnitXMLReporter -->
<testsuite ignored="1" hostname="Sourabh" failures="0" tests="6" name="RegressionTests" time="25.168" errors="0" timestamp="2025-10-31T14:34:26 IST">
  <testcase classname="CapstoneProject2.LoginTest" name="invalidLoginTest" time="0.332"/>
  <testcase classname="CapstoneProject2.PurchaseTest" name="verifyPurchaseFlow" time="0.796"/>
  <testcase classname="CapstoneProject2.DataDrivenLoginTest" name="testMultipleLogin" time="0.325"/>
  <testcase classname="CapstoneProject2.DataDrivenLoginTest" name="testMultipleLogin" time="0.278"/>
  <testcase classname="CapstoneProject2.DataDrivenLoginTest" name="testMultipleLogin" time="0.271"/>
  <testcase classname="CapstoneProject2.DataDrivenLoginTest" name="testMultipleLogin" time="0.226"/>
  <testcase classname="CapstoneProject2.LoginTest" name="validLoginTest" time="0.0">
    <ignored/>
  </testcase> <!-- validLoginTest -->
</testsuite> <!-- RegressionTests -->
