<?xml version="1.0" encoding="UTF-8"?>
<!-- Generated by org.testng.reporters.JUnitXMLReporter -->
<testsuite ignored="1" hostname="Sourabh" failures="0" tests="2" name="Smoke Tests" time="9.495" errors="0" timestamp="2025-10-31T14:34:01 IST">
  <testcase classname="CapstoneProject2.LoginTest" name="validLoginTest" time="0.344"/>
  <testcase classname="CapstoneProject2.LogoutTest" name="verifyLogout" time="0.623"/>
  <testcase classname="CapstoneProject2.LoginTest" name="invalidLoginTest" time="0.0">
    <ignored/>
  </testcase> <!-- invalidLoginTest -->
</testsuite> <!-- Smoke Tests -->
